
ROM used:   14444/44028 (33%)
            14444/44028 (33%) including unused fragments

            2.5 Average locations per line
            7.6 Average locations per statement

RAM used:   961/8192 (12%) at main() level
            1389/8192 (17%) worst case

Stack used: 52 worst case (2 in main + 50 for interrupts)
Stack size: 256

Lines Stmts  %   Files
----- ----- ---  -----
  508   270  14  tracking_11_808.c
  937     0   0  C:\Program Files (x86)\PICC\Devices\24fj64ga002.h
  329   180   9  gsm_7.h
  435     0   0  C:\Program Files (x86)\PICC\Drivers\string.h
   32     0   0  C:\Program Files (x86)\PICC\Drivers\stddef.h
   28     0   0  C:\Program Files (x86)\PICC\Drivers\ctype.h
 2227   926  49  C:\Program Files (x86)\PICC\Drivers\math.h
 1352   524  28  C:\Program Files (x86)\PICC\Drivers\stdlib.h
----- -----
 5848  1900 Total

Page ROM  %  RAM    Vol Diff  Functions:
---- --- --- ---    --- ----  ----------
0     16   0    0             @delay_ms1
0     56   0    8    333  7.3  strncpy
0     72   0    7    354  9.4  strncmp
0     56   0    9    305  6.5  strpbrk
0     66   0    9    365  8.1  strspn
0     28   0    5    140  5.0  strlen
0     96   0    9    516  8.6  strtok
0    104   0   58             @FLT
0     44   0   61             @SFTOI
0     58   0  128             @ITOF
0    196   1   59             @MULFF
0    426   1   59             @ADDFF
0    206   1   55             @MULFF48
0    476   2   54             @ADDFF48
0     94   0    0             @F64TOI64
0    272   1    0             @MULFF64
0    202   1   58             @DIVFF
0    214   1   54             @DIVFF48
0     74   0  127             @SITOF
0    106   0    0             @SI64TOF48
0    212   1   19   2097 11.0  sqrt
0    372   1   42   1148  9.7  cos
0     38   0    5     46  1.7  sin
0    452   2   18   1084  6.8  atan
0    322   1   15   1103  8.9  atan2
0     74   0    0             @F48TO64
0    126   0    0             @DIVS3232A
0     66   0    1             @MULS3232
0    490   2   15   1817 10.4  atol
0    644   2   13   1875 10.9  atoi48
0    162   1    1             @DIVS4848
0    420   1   21   1542 12.3  strtof48
0     14   0    0             @GETCH_BIU_2
0    642   2    2   2635  7.8  init_gsm
0     20   0    0             @const1621
0     24   0    0             @const1622
0     24   0    0             @const1623
0     28   0    0             @const1624
0     28   0    0             @const1625
0     28   0    0             @const1626
0     24   0    0             @const1627
0     28   0    0             @const1628
0    266   1    2    661  7.1  exception
0     22   0    1             @const1629
0    182   1    1             @PRINTFU16_57600_5726_5727
0     60   0    1    238  5.4  timed_getc
0     32   0    2     89  3.3  ack_1
0    222   1    1    226  3.5  cip_start
0     62   0    0             @const1639
0     14   0    0     31  1.1  post
0     36   0    0     59  1.6  cip_send
0     24   0    1             @const1641
0    126   0    0    197  1.8  cip_send1
0     64   0    1             @const1643
0    148   1    0             @DIV6464B
0    386   1    0             @PRINTF_F64_57600_5716_5717R
0    116   0    0    186  1.8  cip_send2
0    182   1    1             @PRINTFU16_57600_5716_5717
0    194   1    0    497  1.9  cip_send3
0     36   0    1     59  1.6  cip_close
0     24   0    1             @const1673
0    134   0    0    333  3.6  boot
0     22   0    0     32  1.0  @const1705
0     22   0    0    630  6.6  @const1706
0     26   0    0     37  1.3  process_data
0    252   1    0    642  6.6  gps_rx
0     26   0    0    262  3.7  @const1708
0     18   0    0    522  4.8  @const1713
0    246   1    1    723  4.7  post_data
0     22   0    0    715  4.2  @const1714
0     22   0    1             @const1715
0     22   0    1   3031 11.3  @const1716
0     80   0    1    423  4.7  post_data_fail
0     98   0    2    262  3.7  battery_fail_check
0    294   1    1    701  5.7  NMEA_GPRMC
0     44   0    1    169  4.4  NMEA_GPVTG
0    128   0    1    522  4.8  NMEA_GPGLL
0    128   0    1    522  4.8  NMEA_GPGGA
0   1148   4    0    756  4.2  MAIN
0     22   0    0             @const1728
0     22   0    0             @const1729
0     22   0    0             @const1730
0     22   0    0             @const1731
0     22   0    0             @const1732
0     22   0    0             @const1733
0     24   0    0             @const1734
0   1126   4  143   3054 11.3  process
0     14   0    1             @const1742
0    434   2   41    742  5.1  distance
0     92   0    2    290  5.1  rda_isp
0     32   0    1      3  0.0  default_isr
0     50   0    1    104  2.9  cni_isr
 Inline         0             @cinit1

Program metrics:
    Functions               47
    Statements              1900
    Comments                1300
    Volume (V)              57417
    Difficulty (D)          254.9
    Effort to implement (E) 14633551
    Time to implement (T)   225 hours, 50 minutes
    Est Delivered Bugs (B)  20
    Cyclomatic Complexity   161
    Maintainability (MI)    121

 Segment     Used  Free
-----------  ----  ----
00000-00002     4  0  
00004-001FE   508  0  
00200-0ABFA  13932  29584  



